<?xml version="1.0" encoding="UTF-8"?>
<!-- Generated by org.testng.reporters.JUnitXMLReporter -->
<testsuite ignored="0" hostname="DESKTOP-C7GOFP3" failures="1" tests="1" name="TestEdge" time="6.97" errors="0" timestamp="2023-04-07T12:58:28 IST">
  <testcase classname="io.cucumber.testng.AbstractTestNGCucumberTests" name="runScenario" time="6.11">
    <failure type="java.lang.NullPointerException" message="Cannot invoke &amp;quot;org.openqa.selenium.SearchContext.findElement(org.openqa.selenium.By)&amp;quot; because &amp;quot;this.searchContext&amp;quot; is null">
      <![CDATA[java.lang.NullPointerException: Cannot invoke "org.openqa.selenium.SearchContext.findElement(org.openqa.selenium.By)" because "this.searchContext" is null
at org.openqa.selenium.support.pagefactory.DefaultElementLocator.findElement(DefaultElementLocator.java:70)
at org.openqa.selenium.support.pagefactory.internal.LocatingElementHandler.invoke(LocatingElementHandler.java:39)
at com.sun.proxy.$Proxy22.click(Unknown Source)
at PageObjects.AddToCart.SignIn(AddToCart.java:55)
at StepDefinition.StepDefinition.user_clicks_on_signin_link(StepDefinition.java:21)
at âœ½.user clicks on Signin link(file:///E:/Eclipse_workspace/CucumberProject/src/test/resources/Features/AddToCart.feature:24)
]]>
    </failure>
  </testcase> <!-- runScenario -->
</testsuite> <!-- TestEdge -->
